<?xml version="1.0" encoding="UTF-8"?>
<testsuite xmlns:xsi="http://www.w3.org/2001/XMLSchema-instance" xsi:noNamespaceSchemaLocation="https://maven.apache.org/surefire/maven-surefire-plugin/xsd/surefire-test-report-3.0.xsd" version="3.0" name="examples.ExamplesTest" time="4.301" tests="1" errors="0" skipped="0" failures="0">
  <properties>
    <property name="java.specification.version" value="21"/>
    <property name="sun.cpu.isalist" value="amd64"/>
    <property name="sun.jnu.encoding" value="Cp1252"/>
    <property name="java.class.path" value="C:\Users\SathiavathyVeeriah\eclipse-workspace\karateproject\target\test-classes;C:\Users\SathiavathyVeeriah\eclipse-workspace\karateproject\target\classes;C:\Users\SathiavathyVeeriah\.m2\repository\com\intuit\karate\karate-junit5\1.4.1\karate-junit5-1.4.1.jar;C:\Users\SathiavathyVeeriah\.m2\repository\com\intuit\karate\karate-core\1.4.1\karate-core-1.4.1.jar;C:\Users\SathiavathyVeeriah\.m2\repository\org\graalvm\js\js-scriptengine\22.3.3\js-scriptengine-22.3.3.jar;C:\Users\SathiavathyVeeriah\.m2\repository\org\graalvm\sdk\graal-sdk\22.3.3\graal-sdk-22.3.3.jar;C:\Users\SathiavathyVeeriah\.m2\repository\org\graalvm\js\js\22.3.3\js-22.3.3.jar;C:\Users\SathiavathyVeeriah\.m2\repository\org\graalvm\regex\regex\22.3.3\regex-22.3.3.jar;C:\Users\SathiavathyVeeriah\.m2\repository\org\graalvm\truffle\truffle-api\22.3.3\truffle-api-22.3.3.jar;C:\Users\SathiavathyVeeriah\.m2\repository\com\ibm\icu\icu4j\71.1\icu4j-71.1.jar;C:\Users\SathiavathyVeeriah\.m2\repository\org\thymeleaf\thymeleaf\3.1.2.RELEASE\thymeleaf-3.1.2.RELEASE.jar;C:\Users\SathiavathyVeeriah\.m2\repository\ognl\ognl\3.3.4\ognl-3.3.4.jar;C:\Users\SathiavathyVeeriah\.m2\repository\org\javassist\javassist\3.29.0-GA\javassist-3.29.0-GA.jar;C:\Users\SathiavathyVeeriah\.m2\repository\org\attoparser\attoparser\2.0.7.RELEASE\attoparser-2.0.7.RELEASE.jar;C:\Users\SathiavathyVeeriah\.m2\repository\org\unbescape\unbescape\1.1.6.RELEASE\unbescape-1.1.6.RELEASE.jar;C:\Users\SathiavathyVeeriah\.m2\repository\org\slf4j\slf4j-api\2.0.7\slf4j-api-2.0.7.jar;C:\Users\SathiavathyVeeriah\.m2\repository\com\linecorp\armeria\armeria\1.25.2\armeria-1.25.2.jar;C:\Users\SathiavathyVeeriah\.m2\repository\com\fasterxml\jackson\core\jackson-core\2.15.2\jackson-core-2.15.2.jar;C:\Users\SathiavathyVeeriah\.m2\repository\com\fasterxml\jackson\core\jackson-annotations\2.15.2\jackson-annotations-2.15.2.jar;C:\Users\SathiavathyVeeriah\.m2\repository\com\fasterxml\jackson\core\jackson-databind\2.15.2\jackson-databind-2.15.2.jar;C:\Users\SathiavathyVeeriah\.m2\repository\com\fasterxml\jackson\datatype\jackson-datatype-jdk8\2.15.2\jackson-datatype-jdk8-2.15.2.jar;C:\Users\SathiavathyVeeriah\.m2\repository\com\fasterxml\jackson\datatype\jackson-datatype-jsr310\2.15.2\jackson-datatype-jsr310-2.15.2.jar;C:\Users\SathiavathyVeeriah\.m2\repository\io\micrometer\micrometer-core\1.11.3\micrometer-core-1.11.3.jar;C:\Users\SathiavathyVeeriah\.m2\repository\io\micrometer\micrometer-commons\1.11.3\micrometer-commons-1.11.3.jar;C:\Users\SathiavathyVeeriah\.m2\repository\io\micrometer\micrometer-observation\1.11.3\micrometer-observation-1.11.3.jar;C:\Users\SathiavathyVeeriah\.m2\repository\org\hdrhistogram\HdrHistogram\2.1.12\HdrHistogram-2.1.12.jar;C:\Users\SathiavathyVeeriah\.m2\repository\org\latencyutils\LatencyUtils\2.0.3\LatencyUtils-2.0.3.jar;C:\Users\SathiavathyVeeriah\.m2\repository\io\netty\netty-transport\4.1.96.Final\netty-transport-4.1.96.Final.jar;C:\Users\SathiavathyVeeriah\.m2\repository\io\netty\netty-common\4.1.96.Final\netty-common-4.1.96.Final.jar;C:\Users\SathiavathyVeeriah\.m2\repository\io\netty\netty-buffer\4.1.96.Final\netty-buffer-4.1.96.Final.jar;C:\Users\SathiavathyVeeriah\.m2\repository\io\netty\netty-resolver\4.1.96.Final\netty-resolver-4.1.96.Final.jar;C:\Users\SathiavathyVeeriah\.m2\repository\io\netty\netty-codec-haproxy\4.1.96.Final\netty-codec-haproxy-4.1.96.Final.jar;C:\Users\SathiavathyVeeriah\.m2\repository\io\netty\netty-codec\4.1.96.Final\netty-codec-4.1.96.Final.jar;C:\Users\SathiavathyVeeriah\.m2\repository\io\netty\netty-codec-http2\4.1.96.Final\netty-codec-http2-4.1.96.Final.jar;C:\Users\SathiavathyVeeriah\.m2\repository\io\netty\netty-handler\4.1.96.Final\netty-handler-4.1.96.Final.jar;C:\Users\SathiavathyVeeriah\.m2\repository\io\netty\netty-codec-http\4.1.96.Final\netty-codec-http-4.1.96.Final.jar;C:\Users\SathiavathyVeeriah\.m2\repository\io\netty\netty-resolver-dns\4.1.96.Final\netty-resolver-dns-4.1.96.Final.jar;C:\Users\SathiavathyVeeriah\.m2\repository\io\netty\netty-codec-dns\4.1.96.Final\netty-codec-dns-4.1.96.Final.jar;C:\Users\SathiavathyVeeriah\.m2\repository\org\reactivestreams\reactive-streams\1.0.4\reactive-streams-1.0.4.jar;C:\Users\SathiavathyVeeriah\.m2\repository\com\google\code\findbugs\jsr305\3.0.2\jsr305-3.0.2.jar;C:\Users\SathiavathyVeeriah\.m2\repository\io\netty\netty-handler-proxy\4.1.96.Final\netty-handler-proxy-4.1.96.Final.jar;C:\Users\SathiavathyVeeriah\.m2\repository\io\netty\netty-codec-socks\4.1.96.Final\netty-codec-socks-4.1.96.Final.jar;C:\Users\SathiavathyVeeriah\.m2\repository\io\netty\netty-transport-native-unix-common\4.1.96.Final\netty-transport-native-unix-common-4.1.96.Final-linux-x86_64.jar;C:\Users\SathiavathyVeeriah\.m2\repository\io\netty\netty-transport-native-epoll\4.1.96.Final\netty-transport-native-epoll-4.1.96.Final-linux-x86_64.jar;C:\Users\SathiavathyVeeriah\.m2\repository\io\netty\netty-transport-native-unix-common\4.1.96.Final\netty-transport-native-unix-common-4.1.96.Final.jar;C:\Users\SathiavathyVeeriah\.m2\repository\io\netty\netty-transport-classes-epoll\4.1.96.Final\netty-transport-classes-epoll-4.1.96.Final.jar;C:\Users\SathiavathyVeeriah\.m2\repository\io\netty\netty-transport-native-unix-common\4.1.96.Final\netty-transport-native-unix-common-4.1.96.Final-linux-aarch_64.jar;C:\Users\SathiavathyVeeriah\.m2\repository\io\netty\netty-transport-native-epoll\4.1.96.Final\netty-transport-native-epoll-4.1.96.Final-linux-aarch_64.jar;C:\Users\SathiavathyVeeriah\.m2\repository\io\netty\netty-transport-native-unix-common\4.1.96.Final\netty-transport-native-unix-common-4.1.96.Final-osx-x86_64.jar;C:\Users\SathiavathyVeeriah\.m2\repository\io\netty\netty-transport-native-kqueue\4.1.96.Final\netty-transport-native-kqueue-4.1.96.Final-osx-x86_64.jar;C:\Users\SathiavathyVeeriah\.m2\repository\io\netty\netty-transport-classes-kqueue\4.1.96.Final\netty-transport-classes-kqueue-4.1.96.Final.jar;C:\Users\SathiavathyVeeriah\.m2\repository\io\netty\netty-resolver-dns-native-macos\4.1.96.Final\netty-resolver-dns-native-macos-4.1.96.Final-osx-x86_64.jar;C:\Users\SathiavathyVeeriah\.m2\repository\io\netty\netty-resolver-dns-classes-macos\4.1.96.Final\netty-resolver-dns-classes-macos-4.1.96.Final.jar;C:\Users\SathiavathyVeeriah\.m2\repository\io\netty\netty-transport-native-unix-common\4.1.96.Final\netty-transport-native-unix-common-4.1.96.Final-osx-aarch_64.jar;C:\Users\SathiavathyVeeriah\.m2\repository\io\netty\netty-transport-native-kqueue\4.1.96.Final\netty-transport-native-kqueue-4.1.96.Final-osx-aarch_64.jar;C:\Users\SathiavathyVeeriah\.m2\repository\io\netty\netty-resolver-dns-native-macos\4.1.96.Final\netty-resolver-dns-native-macos-4.1.96.Final-osx-aarch_64.jar;C:\Users\SathiavathyVeeriah\.m2\repository\io\netty\netty-tcnative-boringssl-static\2.0.61.Final\netty-tcnative-boringssl-static-2.0.61.Final-linux-x86_64.jar;C:\Users\SathiavathyVeeriah\.m2\repository\io\netty\netty-tcnative-classes\2.0.61.Final\netty-tcnative-classes-2.0.61.Final.jar;C:\Users\SathiavathyVeeriah\.m2\repository\io\netty\netty-tcnative-boringssl-static\2.0.61.Final\netty-tcnative-boringssl-static-2.0.61.Final-linux-aarch_64.jar;C:\Users\SathiavathyVeeriah\.m2\repository\io\netty\netty-tcnative-boringssl-static\2.0.61.Final\netty-tcnative-boringssl-static-2.0.61.Final-osx-x86_64.jar;C:\Users\SathiavathyVeeriah\.m2\repository\io\netty\netty-tcnative-boringssl-static\2.0.61.Final\netty-tcnative-boringssl-static-2.0.61.Final-osx-aarch_64.jar;C:\Users\SathiavathyVeeriah\.m2\repository\io\netty\netty-tcnative-boringssl-static\2.0.61.Final\netty-tcnative-boringssl-static-2.0.61.Final-windows-x86_64.jar;C:\Users\SathiavathyVeeriah\.m2\repository\com\aayushatharva\brotli4j\brotli4j\1.12.0\brotli4j-1.12.0.jar;C:\Users\SathiavathyVeeriah\.m2\repository\com\aayushatharva\brotli4j\service\1.12.0\service-1.12.0.jar;C:\Users\SathiavathyVeeriah\.m2\repository\com\aayushatharva\brotli4j\native-windows-x86_64\1.12.0\native-windows-x86_64-1.12.0.jar;C:\Users\SathiavathyVeeriah\.m2\repository\org\apache\httpcomponents\httpclient\4.5.14\httpclient-4.5.14.jar;C:\Users\SathiavathyVeeriah\.m2\repository\org\apache\httpcomponents\httpcore\4.4.16\httpcore-4.4.16.jar;C:\Users\SathiavathyVeeriah\.m2\repository\commons-codec\commons-codec\1.16.0\commons-codec-1.16.0.jar;C:\Users\SathiavathyVeeriah\.m2\repository\ch\qos\logback\logback-classic\1.4.11\logback-classic-1.4.11.jar;C:\Users\SathiavathyVeeriah\.m2\repository\ch\qos\logback\logback-core\1.4.11\logback-core-1.4.11.jar;C:\Users\SathiavathyVeeriah\.m2\repository\org\slf4j\jcl-over-slf4j\2.0.9\jcl-over-slf4j-2.0.9.jar;C:\Users\SathiavathyVeeriah\.m2\repository\org\antlr\antlr4-runtime\4.11.1\antlr4-runtime-4.11.1.jar;C:\Users\SathiavathyVeeriah\.m2\repository\com\jayway\jsonpath\json-path\2.8.0\json-path-2.8.0.jar;C:\Users\SathiavathyVeeriah\.m2\repository\net\minidev\json-smart\2.4.10\json-smart-2.4.10.jar;C:\Users\SathiavathyVeeriah\.m2\repository\net\minidev\accessors-smart\2.4.9\accessors-smart-2.4.9.jar;C:\Users\SathiavathyVeeriah\.m2\repository\org\ow2\asm\asm\9.3\asm-9.3.jar;C:\Users\SathiavathyVeeriah\.m2\repository\org\yaml\snakeyaml\2.0\snakeyaml-2.0.jar;C:\Users\SathiavathyVeeriah\.m2\repository\de\siegmar\fastcsv\2.2.1\fastcsv-2.2.1.jar;C:\Users\SathiavathyVeeriah\.m2\repository\info\picocli\picocli\4.7.1\picocli-4.7.1.jar;C:\Users\SathiavathyVeeriah\.m2\repository\io\github\classgraph\classgraph\4.8.160\classgraph-4.8.160.jar;C:\Users\SathiavathyVeeriah\.m2\repository\io\github\t12y\resemble\1.0.2\resemble-1.0.2.jar;C:\Users\SathiavathyVeeriah\.m2\repository\io\github\t12y\ssim\1.0.0\ssim-1.0.0.jar;C:\Users\SathiavathyVeeriah\.m2\repository\org\junit\jupiter\junit-jupiter-api\5.9.3\junit-jupiter-api-5.9.3.jar;C:\Users\SathiavathyVeeriah\.m2\repository\org\opentest4j\opentest4j\1.2.0\opentest4j-1.2.0.jar;C:\Users\SathiavathyVeeriah\.m2\repository\org\junit\platform\junit-platform-commons\1.9.3\junit-platform-commons-1.9.3.jar;C:\Users\SathiavathyVeeriah\.m2\repository\org\apiguardian\apiguardian-api\1.1.2\apiguardian-api-1.1.2.jar;C:\Users\SathiavathyVeeriah\.m2\repository\org\junit\jupiter\junit-jupiter-engine\5.9.3\junit-jupiter-engine-5.9.3.jar;C:\Users\SathiavathyVeeriah\.m2\repository\org\junit\platform\junit-platform-engine\1.9.3\junit-platform-engine-1.9.3.jar;"/>
    <property name="java.vm.vendor" value="Oracle Corporation"/>
    <property name="sun.arch.data.model" value="64"/>
    <property name="user.variant" value=""/>
    <property name="java.vendor.url" value="https://java.oracle.com/"/>
    <property name="user.timezone" value="Pacific/Auckland"/>
    <property name="os.name" value="Windows 11"/>
    <property name="java.vm.specification.version" value="21"/>
    <property name="sun.java.launcher" value="SUN_STANDARD"/>
    <property name="user.country" value="NZ"/>
    <property name="sun.boot.library.path" value="C:\Program Files\Java\jdk-21\bin"/>
    <property name="sun.java.command" value="C:\Users\SathiavathyVeeriah\AppData\Local\Temp\surefire8045236181640442000\surefirebooter-20240216140550191_3.jar C:\Users\SathiavathyVeeriah\AppData\Local\Temp\surefire8045236181640442000 2024-02-16T14-05-49_001-jvmRun1 surefire-20240216140550191_1tmp surefire_0-20240216140550191_2tmp"/>
    <property name="jdk.debug" value="release"/>
    <property name="surefire.test.class.path" value="C:\Users\SathiavathyVeeriah\eclipse-workspace\karateproject\target\test-classes;C:\Users\SathiavathyVeeriah\eclipse-workspace\karateproject\target\classes;C:\Users\SathiavathyVeeriah\.m2\repository\com\intuit\karate\karate-junit5\1.4.1\karate-junit5-1.4.1.jar;C:\Users\SathiavathyVeeriah\.m2\repository\com\intuit\karate\karate-core\1.4.1\karate-core-1.4.1.jar;C:\Users\SathiavathyVeeriah\.m2\repository\org\graalvm\js\js-scriptengine\22.3.3\js-scriptengine-22.3.3.jar;C:\Users\SathiavathyVeeriah\.m2\repository\org\graalvm\sdk\graal-sdk\22.3.3\graal-sdk-22.3.3.jar;C:\Users\SathiavathyVeeriah\.m2\repository\org\graalvm\js\js\22.3.3\js-22.3.3.jar;C:\Users\SathiavathyVeeriah\.m2\repository\org\graalvm\regex\regex\22.3.3\regex-22.3.3.jar;C:\Users\SathiavathyVeeriah\.m2\repository\org\graalvm\truffle\truffle-api\22.3.3\truffle-api-22.3.3.jar;C:\Users\SathiavathyVeeriah\.m2\repository\com\ibm\icu\icu4j\71.1\icu4j-71.1.jar;C:\Users\SathiavathyVeeriah\.m2\repository\org\thymeleaf\thymeleaf\3.1.2.RELEASE\thymeleaf-3.1.2.RELEASE.jar;C:\Users\SathiavathyVeeriah\.m2\repository\ognl\ognl\3.3.4\ognl-3.3.4.jar;C:\Users\SathiavathyVeeriah\.m2\repository\org\javassist\javassist\3.29.0-GA\javassist-3.29.0-GA.jar;C:\Users\SathiavathyVeeriah\.m2\repository\org\attoparser\attoparser\2.0.7.RELEASE\attoparser-2.0.7.RELEASE.jar;C:\Users\SathiavathyVeeriah\.m2\repository\org\unbescape\unbescape\1.1.6.RELEASE\unbescape-1.1.6.RELEASE.jar;C:\Users\SathiavathyVeeriah\.m2\repository\org\slf4j\slf4j-api\2.0.7\slf4j-api-2.0.7.jar;C:\Users\SathiavathyVeeriah\.m2\repository\com\linecorp\armeria\armeria\1.25.2\armeria-1.25.2.jar;C:\Users\SathiavathyVeeriah\.m2\repository\com\fasterxml\jackson\core\jackson-core\2.15.2\jackson-core-2.15.2.jar;C:\Users\SathiavathyVeeriah\.m2\repository\com\fasterxml\jackson\core\jackson-annotations\2.15.2\jackson-annotations-2.15.2.jar;C:\Users\SathiavathyVeeriah\.m2\repository\com\fasterxml\jackson\core\jackson-databind\2.15.2\jackson-databind-2.15.2.jar;C:\Users\SathiavathyVeeriah\.m2\repository\com\fasterxml\jackson\datatype\jackson-datatype-jdk8\2.15.2\jackson-datatype-jdk8-2.15.2.jar;C:\Users\SathiavathyVeeriah\.m2\repository\com\fasterxml\jackson\datatype\jackson-datatype-jsr310\2.15.2\jackson-datatype-jsr310-2.15.2.jar;C:\Users\SathiavathyVeeriah\.m2\repository\io\micrometer\micrometer-core\1.11.3\micrometer-core-1.11.3.jar;C:\Users\SathiavathyVeeriah\.m2\repository\io\micrometer\micrometer-commons\1.11.3\micrometer-commons-1.11.3.jar;C:\Users\SathiavathyVeeriah\.m2\repository\io\micrometer\micrometer-observation\1.11.3\micrometer-observation-1.11.3.jar;C:\Users\SathiavathyVeeriah\.m2\repository\org\hdrhistogram\HdrHistogram\2.1.12\HdrHistogram-2.1.12.jar;C:\Users\SathiavathyVeeriah\.m2\repository\org\latencyutils\LatencyUtils\2.0.3\LatencyUtils-2.0.3.jar;C:\Users\SathiavathyVeeriah\.m2\repository\io\netty\netty-transport\4.1.96.Final\netty-transport-4.1.96.Final.jar;C:\Users\SathiavathyVeeriah\.m2\repository\io\netty\netty-common\4.1.96.Final\netty-common-4.1.96.Final.jar;C:\Users\SathiavathyVeeriah\.m2\repository\io\netty\netty-buffer\4.1.96.Final\netty-buffer-4.1.96.Final.jar;C:\Users\SathiavathyVeeriah\.m2\repository\io\netty\netty-resolver\4.1.96.Final\netty-resolver-4.1.96.Final.jar;C:\Users\SathiavathyVeeriah\.m2\repository\io\netty\netty-codec-haproxy\4.1.96.Final\netty-codec-haproxy-4.1.96.Final.jar;C:\Users\SathiavathyVeeriah\.m2\repository\io\netty\netty-codec\4.1.96.Final\netty-codec-4.1.96.Final.jar;C:\Users\SathiavathyVeeriah\.m2\repository\io\netty\netty-codec-http2\4.1.96.Final\netty-codec-http2-4.1.96.Final.jar;C:\Users\SathiavathyVeeriah\.m2\repository\io\netty\netty-handler\4.1.96.Final\netty-handler-4.1.96.Final.jar;C:\Users\SathiavathyVeeriah\.m2\repository\io\netty\netty-codec-http\4.1.96.Final\netty-codec-http-4.1.96.Final.jar;C:\Users\SathiavathyVeeriah\.m2\repository\io\netty\netty-resolver-dns\4.1.96.Final\netty-resolver-dns-4.1.96.Final.jar;C:\Users\SathiavathyVeeriah\.m2\repository\io\netty\netty-codec-dns\4.1.96.Final\netty-codec-dns-4.1.96.Final.jar;C:\Users\SathiavathyVeeriah\.m2\repository\org\reactivestreams\reactive-streams\1.0.4\reactive-streams-1.0.4.jar;C:\Users\SathiavathyVeeriah\.m2\repository\com\google\code\findbugs\jsr305\3.0.2\jsr305-3.0.2.jar;C:\Users\SathiavathyVeeriah\.m2\repository\io\netty\netty-handler-proxy\4.1.96.Final\netty-handler-proxy-4.1.96.Final.jar;C:\Users\SathiavathyVeeriah\.m2\repository\io\netty\netty-codec-socks\4.1.96.Final\netty-codec-socks-4.1.96.Final.jar;C:\Users\SathiavathyVeeriah\.m2\repository\io\netty\netty-transport-native-unix-common\4.1.96.Final\netty-transport-native-unix-common-4.1.96.Final-linux-x86_64.jar;C:\Users\SathiavathyVeeriah\.m2\repository\io\netty\netty-transport-native-epoll\4.1.96.Final\netty-transport-native-epoll-4.1.96.Final-linux-x86_64.jar;C:\Users\SathiavathyVeeriah\.m2\repository\io\netty\netty-transport-native-unix-common\4.1.96.Final\netty-transport-native-unix-common-4.1.96.Final.jar;C:\Users\SathiavathyVeeriah\.m2\repository\io\netty\netty-transport-classes-epoll\4.1.96.Final\netty-transport-classes-epoll-4.1.96.Final.jar;C:\Users\SathiavathyVeeriah\.m2\repository\io\netty\netty-transport-native-unix-common\4.1.96.Final\netty-transport-native-unix-common-4.1.96.Final-linux-aarch_64.jar;C:\Users\SathiavathyVeeriah\.m2\repository\io\netty\netty-transport-native-epoll\4.1.96.Final\netty-transport-native-epoll-4.1.96.Final-linux-aarch_64.jar;C:\Users\SathiavathyVeeriah\.m2\repository\io\netty\netty-transport-native-unix-common\4.1.96.Final\netty-transport-native-unix-common-4.1.96.Final-osx-x86_64.jar;C:\Users\SathiavathyVeeriah\.m2\repository\io\netty\netty-transport-native-kqueue\4.1.96.Final\netty-transport-native-kqueue-4.1.96.Final-osx-x86_64.jar;C:\Users\SathiavathyVeeriah\.m2\repository\io\netty\netty-transport-classes-kqueue\4.1.96.Final\netty-transport-classes-kqueue-4.1.96.Final.jar;C:\Users\SathiavathyVeeriah\.m2\repository\io\netty\netty-resolver-dns-native-macos\4.1.96.Final\netty-resolver-dns-native-macos-4.1.96.Final-osx-x86_64.jar;C:\Users\SathiavathyVeeriah\.m2\repository\io\netty\netty-resolver-dns-classes-macos\4.1.96.Final\netty-resolver-dns-classes-macos-4.1.96.Final.jar;C:\Users\SathiavathyVeeriah\.m2\repository\io\netty\netty-transport-native-unix-common\4.1.96.Final\netty-transport-native-unix-common-4.1.96.Final-osx-aarch_64.jar;C:\Users\SathiavathyVeeriah\.m2\repository\io\netty\netty-transport-native-kqueue\4.1.96.Final\netty-transport-native-kqueue-4.1.96.Final-osx-aarch_64.jar;C:\Users\SathiavathyVeeriah\.m2\repository\io\netty\netty-resolver-dns-native-macos\4.1.96.Final\netty-resolver-dns-native-macos-4.1.96.Final-osx-aarch_64.jar;C:\Users\SathiavathyVeeriah\.m2\repository\io\netty\netty-tcnative-boringssl-static\2.0.61.Final\netty-tcnative-boringssl-static-2.0.61.Final-linux-x86_64.jar;C:\Users\SathiavathyVeeriah\.m2\repository\io\netty\netty-tcnative-classes\2.0.61.Final\netty-tcnative-classes-2.0.61.Final.jar;C:\Users\SathiavathyVeeriah\.m2\repository\io\netty\netty-tcnative-boringssl-static\2.0.61.Final\netty-tcnative-boringssl-static-2.0.61.Final-linux-aarch_64.jar;C:\Users\SathiavathyVeeriah\.m2\repository\io\netty\netty-tcnative-boringssl-static\2.0.61.Final\netty-tcnative-boringssl-static-2.0.61.Final-osx-x86_64.jar;C:\Users\SathiavathyVeeriah\.m2\repository\io\netty\netty-tcnative-boringssl-static\2.0.61.Final\netty-tcnative-boringssl-static-2.0.61.Final-osx-aarch_64.jar;C:\Users\SathiavathyVeeriah\.m2\repository\io\netty\netty-tcnative-boringssl-static\2.0.61.Final\netty-tcnative-boringssl-static-2.0.61.Final-windows-x86_64.jar;C:\Users\SathiavathyVeeriah\.m2\repository\com\aayushatharva\brotli4j\brotli4j\1.12.0\brotli4j-1.12.0.jar;C:\Users\SathiavathyVeeriah\.m2\repository\com\aayushatharva\brotli4j\service\1.12.0\service-1.12.0.jar;C:\Users\SathiavathyVeeriah\.m2\repository\com\aayushatharva\brotli4j\native-windows-x86_64\1.12.0\native-windows-x86_64-1.12.0.jar;C:\Users\SathiavathyVeeriah\.m2\repository\org\apache\httpcomponents\httpclient\4.5.14\httpclient-4.5.14.jar;C:\Users\SathiavathyVeeriah\.m2\repository\org\apache\httpcomponents\httpcore\4.4.16\httpcore-4.4.16.jar;C:\Users\SathiavathyVeeriah\.m2\repository\commons-codec\commons-codec\1.16.0\commons-codec-1.16.0.jar;C:\Users\SathiavathyVeeriah\.m2\repository\ch\qos\logback\logback-classic\1.4.11\logback-classic-1.4.11.jar;C:\Users\SathiavathyVeeriah\.m2\repository\ch\qos\logback\logback-core\1.4.11\logback-core-1.4.11.jar;C:\Users\SathiavathyVeeriah\.m2\repository\org\slf4j\jcl-over-slf4j\2.0.9\jcl-over-slf4j-2.0.9.jar;C:\Users\SathiavathyVeeriah\.m2\repository\org\antlr\antlr4-runtime\4.11.1\antlr4-runtime-4.11.1.jar;C:\Users\SathiavathyVeeriah\.m2\repository\com\jayway\jsonpath\json-path\2.8.0\json-path-2.8.0.jar;C:\Users\SathiavathyVeeriah\.m2\repository\net\minidev\json-smart\2.4.10\json-smart-2.4.10.jar;C:\Users\SathiavathyVeeriah\.m2\repository\net\minidev\accessors-smart\2.4.9\accessors-smart-2.4.9.jar;C:\Users\SathiavathyVeeriah\.m2\repository\org\ow2\asm\asm\9.3\asm-9.3.jar;C:\Users\SathiavathyVeeriah\.m2\repository\org\yaml\snakeyaml\2.0\snakeyaml-2.0.jar;C:\Users\SathiavathyVeeriah\.m2\repository\de\siegmar\fastcsv\2.2.1\fastcsv-2.2.1.jar;C:\Users\SathiavathyVeeriah\.m2\repository\info\picocli\picocli\4.7.1\picocli-4.7.1.jar;C:\Users\SathiavathyVeeriah\.m2\repository\io\github\classgraph\classgraph\4.8.160\classgraph-4.8.160.jar;C:\Users\SathiavathyVeeriah\.m2\repository\io\github\t12y\resemble\1.0.2\resemble-1.0.2.jar;C:\Users\SathiavathyVeeriah\.m2\repository\io\github\t12y\ssim\1.0.0\ssim-1.0.0.jar;C:\Users\SathiavathyVeeriah\.m2\repository\org\junit\jupiter\junit-jupiter-api\5.9.3\junit-jupiter-api-5.9.3.jar;C:\Users\SathiavathyVeeriah\.m2\repository\org\opentest4j\opentest4j\1.2.0\opentest4j-1.2.0.jar;C:\Users\SathiavathyVeeriah\.m2\repository\org\junit\platform\junit-platform-commons\1.9.3\junit-platform-commons-1.9.3.jar;C:\Users\SathiavathyVeeriah\.m2\repository\org\apiguardian\apiguardian-api\1.1.2\apiguardian-api-1.1.2.jar;C:\Users\SathiavathyVeeriah\.m2\repository\org\junit\jupiter\junit-jupiter-engine\5.9.3\junit-jupiter-engine-5.9.3.jar;C:\Users\SathiavathyVeeriah\.m2\repository\org\junit\platform\junit-platform-engine\1.9.3\junit-platform-engine-1.9.3.jar;"/>
    <property name="sun.cpu.endian" value="little"/>
    <property name="user.home" value="C:\Users\SathiavathyVeeriah"/>
    <property name="user.language" value="en"/>
    <property name="java.specification.vendor" value="Oracle Corporation"/>
    <property name="java.version.date" value="2023-10-17"/>
    <property name="java.home" value="C:\Program Files\Java\jdk-21"/>
    <property name="file.separator" value="\"/>
    <property name="basedir" value="C:\Users\SathiavathyVeeriah\eclipse-workspace\karateproject"/>
    <property name="java.vm.compressedOopsMode" value="Zero based"/>
    <property name="line.separator" value="&#10;"/>
    <property name="java.vm.specification.vendor" value="Oracle Corporation"/>
    <property name="java.specification.name" value="Java Platform API Specification"/>
    <property name="surefire.real.class.path" value="C:\Users\SathiavathyVeeriah\AppData\Local\Temp\surefire8045236181640442000\surefirebooter-20240216140550191_3.jar"/>
    <property name="user.script" value=""/>
    <property name="sun.management.compiler" value="HotSpot 64-Bit Tiered Compilers"/>
    <property name="java.runtime.version" value="21.0.1+12-LTS-29"/>
    <property name="user.name" value="SathiavathyVeeriah"/>
    <property name="stdout.encoding" value="Cp1252"/>
    <property name="path.separator" value=";"/>
    <property name="os.version" value="10.0"/>
    <property name="java.runtime.name" value="Java(TM) SE Runtime Environment"/>
    <property name="file.encoding" value="UTF-8"/>
    <property name="java.vm.name" value="Java HotSpot(TM) 64-Bit Server VM"/>
    <property name="localRepository" value="C:\Users\SathiavathyVeeriah\.m2\repository"/>
    <property name="java.vendor.url.bug" value="https://bugreport.java.com/bugreport/"/>
    <property name="java.io.tmpdir" value="C:\Users\SATHIA~1\AppData\Local\Temp\"/>
    <property name="java.version" value="21.0.1"/>
    <property name="user.dir" value="C:\Users\SathiavathyVeeriah\eclipse-workspace\karateproject"/>
    <property name="os.arch" value="amd64"/>
    <property name="java.vm.specification.name" value="Java Virtual Machine Specification"/>
    <property name="sun.os.patch.level" value=""/>
    <property name="native.encoding" value="Cp1252"/>
    <property name="java.library.path" value="C:\Program Files\Java\jdk-21\bin;C:\WINDOWS\Sun\Java\bin;C:\WINDOWS\system32;C:\WINDOWS;C:\Program Files\Java\jdk-21\bin;C:\Program Files\Common Files\Oracle\Java\javapath;C:\Python311\Scripts\;C:\Python311\;C:\WINDOWS\system32;C:\WINDOWS;C:\WINDOWS\System32\Wbem;C:\WINDOWS\System32\WindowsPowerShell\v1.0\;C:\WINDOWS\System32\OpenSSH\;C:\Program Files\dotnet\;C:\Users\SathiavathyVeeriah\apache-maven-3.8.6-bin\apache-maven-3.8.6\bin;C:\Program Files\Meld\;C:\Program Files\nodejs\;C:\ProgramData\chocolatey\bin;C:\Program Files\GitHub CLI\;C:\Tools;C:\Program Files\Git\cmd;C:\Program Files\Docker\Docker\resources\bin;C:\Users\SathiavathyVeeriah\AppData\Local\Microsoft\WindowsApps;C:\Program Files\JetBrains\IntelliJ IDEA Community Edition 2022.2.2\bin;;C:\Users\SathiavathyVeeriah\AppData\Local\Programs\Microsoft VS Code\bin;C:\Users\SathiavathyVeeriah\AppData\Roaming\npm;C:\Tools;;."/>
    <property name="java.vm.info" value="mixed mode, sharing"/>
    <property name="stderr.encoding" value="Cp1252"/>
    <property name="java.vendor" value="Oracle Corporation"/>
    <property name="java.vm.version" value="21.0.1+12-LTS-29"/>
    <property name="sun.io.unicode.encoding" value="UnicodeLittle"/>
    <property name="java.class.version" value="65.0"/>
  </properties>
  <testcase name="testParallel" classname="examples.ExamplesTest" time="4.285">
    <system-out><![CDATA[14:05:51.778 [main] DEBUG com.intuit.karate.Suite - [config] classpath:karate-config.js
14:05:52.753 [pool-2-thread-1] INFO  com.intuit.karate - karate.env system property was: null 
14:05:52.753 [pool-2-thread-2] INFO  com.intuit.karate - karate.env system property was: null 
14:05:53.012 [pool-2-thread-1] DEBUG com.intuit.karate - request:
1 > GET https://jsonplaceholder.typicode.com/users
1 > Host: jsonplaceholder.typicode.com
1 > Connection: Keep-Alive
1 > User-Agent: Apache-HttpClient/4.5.14 (Java/21.0.1)
1 > Accept-Encoding: gzip,deflate


14:05:53.013 [pool-2-thread-2] DEBUG com.intuit.karate - request:
1 > POST https://jsonplaceholder.typicode.com/users
1 > Content-Type: application/json; charset=UTF-8
1 > Content-Length: 160
1 > Host: jsonplaceholder.typicode.com
1 > Connection: Keep-Alive
1 > User-Agent: Apache-HttpClient/4.5.14 (Java/21.0.1)
1 > Accept-Encoding: gzip,deflate
{"name":"Test User","username":"testuser","email":"test@user.com","address":{"street":"Has No Name","suite":"Apt. 123","city":"Electri","zipcode":"54321-6789"}}

14:05:53.484 [pool-2-thread-1] DEBUG com.intuit.karate - response time in milliseconds: 467
1 < 200
1 < Date: Fri, 16 Feb 2024 01:05:53 GMT
1 < Content-Type: application/json; charset=utf-8
1 < Transfer-Encoding: chunked
1 < Connection: keep-alive
1 < Report-To: {"group":"heroku-nel","max_age":3600,"endpoints":[{"url":"https://nel.heroku.com/reports?ts=1707291392&sid=e11707d5-02a7-43ef-b45e-2cf4d2036f7d&s=l79xB2I43JlZrghl2ZqWsSlp15qnFC5R8Ifow41DSfk%3D"}]}
1 < Reporting-Endpoints: heroku-nel=https://nel.heroku.com/reports?ts=1707291392&sid=e11707d5-02a7-43ef-b45e-2cf4d2036f7d&s=l79xB2I43JlZrghl2ZqWsSlp15qnFC5R8Ifow41DSfk%3D
1 < Nel: {"report_to":"heroku-nel","max_age":3600,"success_fraction":0.005,"failure_fraction":0.05,"response_headers":["Via"]}
1 < X-Powered-By: Express
1 < X-Ratelimit-Limit: 1000
1 < X-Ratelimit-Remaining: 999
1 < X-Ratelimit-Reset: 1707291415
1 < Vary: Origin, Accept-Encoding
1 < Access-Control-Allow-Credentials: true
1 < Cache-Control: max-age=43200
1 < Pragma: no-cache
1 < Expires: -1
1 < X-Content-Type-Options: nosniff
1 < Etag: W/"160d-1eMSsxeJRfnVLRBmYJSbCiJZ1qQ"
1 < Via: 1.1 vegur
1 < CF-Cache-Status: HIT
1 < Age: 10023
1 < Server: cloudflare
1 < CF-RAY: 8561e285bfcd1c58-AKL
1 < alt-svc: h3=":443"; ma=86400
[
  {
    "id": 1,
    "name": "Leanne Graham",
    "username": "Bret",
    "email": "Sincere@april.biz",
    "address": {
      "street": "Kulas Light",
      "suite": "Apt. 556",
      "city": "Gwenborough",
      "zipcode": "92998-3874",
      "geo": {
        "lat": "-37.3159",
        "lng": "81.1496"
      }
    },
    "phone": "1-770-736-8031 x56442",
    "website": "hildegard.org",
    "company": {
      "name": "Romaguera-Crona",
      "catchPhrase": "Multi-layered client-server neural-net",
      "bs": "harness real-time e-markets"
    }
  },
  {
    "id": 2,
    "name": "Ervin Howell",
    "username": "Antonette",
    "email": "Shanna@melissa.tv",
    "address": {
      "street": "Victor Plains",
      "suite": "Suite 879",
      "city": "Wisokyburgh",
      "zipcode": "90566-7771",
      "geo": {
        "lat": "-43.9509",
        "lng": "-34.4618"
      }
    },
    "phone": "010-692-6593 x09125",
    "website": "anastasia.net",
    "company": {
      "name": "Deckow-Crist",
      "catchPhrase": "Proactive didactic contingency",
      "bs": "synergize scalable supply-chains"
    }
  },
  {
    "id": 3,
    "name": "Clementine Bauch",
    "username": "Samantha",
    "email": "Nathan@yesenia.net",
    "address": {
      "street": "Douglas Extension",
      "suite": "Suite 847",
      "city": "McKenziehaven",
      "zipcode": "59590-4157",
      "geo": {
        "lat": "-68.6102",
        "lng": "-47.0653"
      }
    },
    "phone": "1-463-123-4447",
    "website": "ramiro.info",
    "company": {
      "name": "Romaguera-Jacobson",
      "catchPhrase": "Face to face bifurcated interface",
      "bs": "e-enable strategic applications"
    }
  },
  {
    "id": 4,
    "name": "Patricia Lebsack",
    "username": "Karianne",
    "email": "Julianne.OConner@kory.org",
    "address": {
      "street": "Hoeger Mall",
      "suite": "Apt. 692",
      "city": "South Elvis",
      "zipcode": "53919-4257",
      "geo": {
        "lat": "29.4572",
        "lng": "-164.2990"
      }
    },
    "phone": "493-170-9623 x156",
    "website": "kale.biz",
    "company": {
      "name": "Robel-Corkery",
      "catchPhrase": "Multi-tiered zero tolerance productivity",
      "bs": "transition cutting-edge web services"
    }
  },
  {
    "id": 5,
    "name": "Chelsey Dietrich",
    "username": "Kamren",
    "email": "Lucio_Hettinger@annie.ca",
    "address": {
      "street": "Skiles Walks",
      "suite": "Suite 351",
      "city": "Roscoeview",
      "zipcode": "33263",
      "geo": {
        "lat": "-31.8129",
        "lng": "62.5342"
      }
    },
    "phone": "(254)954-1289",
    "website": "demarco.info",
    "company": {
      "name": "Keebler LLC",
      "catchPhrase": "User-centric fault-tolerant solution",
      "bs": "revolutionize end-to-end systems"
    }
  },
  {
    "id": 6,
    "name": "Mrs. Dennis Schulist",
    "username": "Leopoldo_Corkery",
    "email": "Karley_Dach@jasper.info",
    "address": {
      "street": "Norberto Crossing",
      "suite": "Apt. 950",
      "city": "South Christy",
      "zipcode": "23505-1337",
      "geo": {
        "lat": "-71.4197",
        "lng": "71.7478"
      }
    },
    "phone": "1-477-935-8478 x6430",
    "website": "ola.org",
    "company": {
      "name": "Considine-Lockman",
      "catchPhrase": "Synchronised bottom-line interface",
      "bs": "e-enable innovative applications"
    }
  },
  {
    "id": 7,
    "name": "Kurtis Weissnat",
    "username": "Elwyn.Skiles",
    "email": "Telly.Hoeger@billy.biz",
    "address": {
      "street": "Rex Trail",
      "suite": "Suite 280",
      "city": "Howemouth",
      "zipcode": "58804-1099",
      "geo": {
        "lat": "24.8918",
        "lng": "21.8984"
      }
    },
    "phone": "210.067.6132",
    "website": "elvis.io",
    "company": {
      "name": "Johns Group",
      "catchPhrase": "Configurable multimedia task-force",
      "bs": "generate enterprise e-tailers"
    }
  },
  {
    "id": 8,
    "name": "Nicholas Runolfsdottir V",
    "username": "Maxime_Nienow",
    "email": "Sherwood@rosamond.me",
    "address": {
      "street": "Ellsworth Summit",
      "suite": "Suite 729",
      "city": "Aliyaview",
      "zipcode": "45169",
      "geo": {
        "lat": "-14.3990",
        "lng": "-120.7677"
      }
    },
    "phone": "586.493.6943 x140",
    "website": "jacynthe.com",
    "company": {
      "name": "Abernathy Group",
      "catchPhrase": "Implemented secondary concept",
      "bs": "e-enable extensible e-tailers"
    }
  },
  {
    "id": 9,
    "name": "Glenna Reichert",
    "username": "Delphine",
    "email": "Chaim_McDermott@dana.io",
    "address": {
      "street": "Dayna Park",
      "suite": "Suite 449",
      "city": "Bartholomebury",
      "zipcode": "76495-3109",
      "geo": {
        "lat": "24.6463",
        "lng": "-168.8889"
      }
    },
    "phone": "(775)976-6794 x41206",
    "website": "conrad.com",
    "company": {
      "name": "Yost and Sons",
      "catchPhrase": "Switchable contextually-based project",
      "bs": "aggregate real-time technologies"
    }
  },
  {
    "id": 10,
    "name": "Clementina DuBuque",
    "username": "Moriah.Stanton",
    "email": "Rey.Padberg@karina.biz",
    "address": {
      "street": "Kattie Turnpike",
      "suite": "Suite 198",
      "city": "Lebsackbury",
      "zipcode": "31428-2261",
      "geo": {
        "lat": "-38.2386",
        "lng": "57.2232"
      }
    },
    "phone": "024-648-3804",
    "website": "ambrose.net",
    "company": {
      "name": "Hoeger LLC",
      "catchPhrase": "Centralized empowering task-force",
      "bs": "target end-to-end models"
    }
  }
]

14:05:53.499 [pool-2-thread-1] DEBUG com.intuit.karate - request:
2 > GET https://jsonplaceholder.typicode.com/users/1
2 > Host: jsonplaceholder.typicode.com
2 > Connection: Keep-Alive
2 > User-Agent: Apache-HttpClient/4.5.14 (Java/21.0.1)
2 > Accept-Encoding: gzip,deflate


14:05:54.217 [pool-2-thread-2] DEBUG com.intuit.karate - response time in milliseconds: 1203
1 < 201
1 < Date: Fri, 16 Feb 2024 01:05:54 GMT
1 < Content-Type: application/json; charset=utf-8
1 < Content-Length: 216
1 < Connection: keep-alive
1 < Report-To: {"group":"heroku-nel","max_age":3600,"endpoints":[{"url":"https://nel.heroku.com/reports?ts=1708045554&sid=e11707d5-02a7-43ef-b45e-2cf4d2036f7d&s=BcEMHYZ%2BD2dlwP8rL%2FHS1cDIng5iuKlLxYyZBStcpac%3D"}]}
1 < Reporting-Endpoints: heroku-nel=https://nel.heroku.com/reports?ts=1708045554&sid=e11707d5-02a7-43ef-b45e-2cf4d2036f7d&s=BcEMHYZ%2BD2dlwP8rL%2FHS1cDIng5iuKlLxYyZBStcpac%3D
1 < Nel: {"report_to":"heroku-nel","max_age":3600,"success_fraction":0.005,"failure_fraction":0.05,"response_headers":["Via"]}
1 < X-Powered-By: Express
1 < X-Ratelimit-Limit: 1000
1 < X-Ratelimit-Remaining: 999
1 < X-Ratelimit-Reset: 1708045570
1 < Vary: Origin, X-HTTP-Method-Override, Accept-Encoding
1 < Access-Control-Allow-Credentials: true
1 < Cache-Control: no-cache
1 < Pragma: no-cache
1 < Expires: -1
1 < Access-Control-Expose-Headers: Location
1 < Location: https://jsonplaceholder.typicode.com/users/11
1 < X-Content-Type-Options: nosniff
1 < Etag: W/"d8-pYV7+YuMGP2hxHPU9ARrf97ifDA"
1 < Via: 1.1 vegur
1 < CF-Cache-Status: DYNAMIC
1 < Server: cloudflare
1 < CF-RAY: 8561e285bf6f725c-AKL
1 < alt-svc: h3=":443"; ma=86400
{
  "name": "Test User",
  "username": "testuser",
  "email": "test@user.com",
  "address": {
    "street": "Has No Name",
    "suite": "Apt. 123",
    "city": "Electri",
    "zipcode": "54321-6789"
  },
  "id": 11
}

14:05:54.222 [pool-2-thread-2] INFO  com.intuit.karate - [print] created id is:  11 
14:05:54.292 [pool-2-thread-1] DEBUG com.intuit.karate - response time in milliseconds: 792
2 < 200
2 < Date: Fri, 16 Feb 2024 01:05:54 GMT
2 < Content-Type: application/json; charset=utf-8
2 < Transfer-Encoding: chunked
2 < Connection: keep-alive
2 < Report-To: {"group":"heroku-nel","max_age":3600,"endpoints":[{"url":"https://nel.heroku.com/reports?ts=1707975341&sid=e11707d5-02a7-43ef-b45e-2cf4d2036f7d&s=BxxB2ocdiHcnJrKJn3QQvUS6D6G%2Buak3VAwoc%2FNSGvM%3D"}]}
2 < Reporting-Endpoints: heroku-nel=https://nel.heroku.com/reports?ts=1707975341&sid=e11707d5-02a7-43ef-b45e-2cf4d2036f7d&s=BxxB2ocdiHcnJrKJn3QQvUS6D6G%2Buak3VAwoc%2FNSGvM%3D
2 < Nel: {"report_to":"heroku-nel","max_age":3600,"success_fraction":0.005,"failure_fraction":0.05,"response_headers":["Via"]}
2 < X-Powered-By: Express
2 < X-Ratelimit-Limit: 1000
2 < X-Ratelimit-Remaining: 999
2 < X-Ratelimit-Reset: 1707975397
2 < Vary: Origin, Accept-Encoding
2 < Access-Control-Allow-Credentials: true
2 < Cache-Control: max-age=43200
2 < Pragma: no-cache
2 < Expires: -1
2 < X-Content-Type-Options: nosniff
2 < Etag: W/"1fd-+2Y3G3w049iSZtw5t1mzSnunngE"
2 < Via: 1.1 vegur
2 < CF-Cache-Status: REVALIDATED
2 < Server: cloudflare
2 < CF-RAY: 8561e286398050c2-AKL
2 < alt-svc: h3=":443"; ma=86400
{
  "id": 1,
  "name": "Leanne Graham",
  "username": "Bret",
  "email": "Sincere@april.biz",
  "address": {
    "street": "Kulas Light",
    "suite": "Apt. 556",
    "city": "Gwenborough",
    "zipcode": "92998-3874",
    "geo": {
      "lat": "-37.3159",
      "lng": "81.1496"
    }
  },
  "phone": "1-770-736-8031 x56442",
  "website": "hildegard.org",
  "company": {
    "name": "Romaguera-Crona",
    "catchPhrase": "Multi-layered client-server neural-net",
    "bs": "harness real-time e-markets"
  }
}

---------------------------------------------------------
feature: classpath:examples/users/users.feature
scenarios:  2 | passed:  2 | failed:  0 | time: 2.9524
---------------------------------------------------------

14:05:54.909 [pool-3-thread-1] INFO  com.intuit.karate.Suite - <<pass>> feature 1 of 1 (0 remaining) classpath:examples/users/users.feature
Karate version: 1.4.1
======================================================
elapsed:   3.71 | threads:    5 | thread time: 2.95 
features:     1 | skipped:    0 | efficiency: 0.16
scenarios:    2 | passed:     2 | failed: 0
======================================================

HTML report: (paste into browser to view) | Karate version: 1.4.1
file:///C:/Users/SathiavathyVeeriah/eclipse-workspace/karateproject/target/karate-reports/karate-summary.html
===================================================================

]]></system-out>
  </testcase>
</testsuite>